2025-07-12 02:32:56,145 - INFO - ============================================================
2025-07-12 02:32:56,164 - INFO - 🎯 뉴스 클리핑 완전 자동화 시스템 시작
2025-07-12 02:32:56,166 - INFO - ⏰ 시작 시간: 2025-07-12 02:32:56
2025-07-12 02:32:56,167 - INFO - ============================================================
2025-07-12 02:32:56,217 - INFO - 🚀 1단계: Google News 뉴스 수집 시작...
2025-07-12 02:33:30,900 - INFO - ✅ 1단계: Google News 뉴스 수집 성공 완료
2025-07-12 02:33:30,904 - INFO - 🚀 2단계: Notion DB 업로드 시작...
2025-07-12 02:33:44,836 - ERROR - ❌ 2단계: Notion DB 업로드 실패
2025-07-12 02:33:44,842 - ERROR - 💥 2단계 실패
2025-07-12 02:33:44,865 - INFO - ============================================================
2025-07-12 02:33:44,868 - INFO - 📊 뉴스 클리핑 자동화 결과 요약
2025-07-12 02:33:44,874 - INFO - ============================================================
2025-07-12 02:33:44,876 - INFO - ⏱️ 총 소요 시간: 0:00:48.719868
2025-07-12 02:33:44,877 - INFO - ✅ 성공한 단계: 1/2
2025-07-12 02:33:44,879 - ERROR - ❌ 일부 단계 실패로 자동화 미완료
2025-07-12 02:38:33,191 - INFO - ============================================================
2025-07-12 02:38:33,218 - INFO - 🎯 뉴스 클리핑 완전 자동화 시스템 시작
2025-07-12 02:38:33,222 - INFO - ⏰ 시작 시간: 2025-07-12 02:38:33
2025-07-12 02:38:33,258 - INFO - ============================================================
2025-07-12 02:38:33,276 - INFO - 🚀 1단계: Google News 뉴스 수집 시작...
2025-07-12 02:39:05,569 - INFO - ✅ 1단계: Google News 뉴스 수집 성공 완료
2025-07-12 02:39:05,570 - INFO - 🚀 2단계: Notion DB 업로드 시작...
2025-07-12 02:39:15,204 - ERROR - ❌ 2단계: Notion DB 업로드 실패
2025-07-12 02:39:15,213 - ERROR - 오류 내용:
Traceback (most recent call last):
  File "D:\AI_Project\GIAv2.0\news_to_notion_simple.py", line 19, in upload_to_notion
    print(f"\U0001f4c4 news_data.json ���� �ε� �Ϸ�: {len(news_data)}��")
    ~~~~~^^^^^^^^^^^^^^^^^^^^^^^^^^^^^^^^^^^^^^^^^^^^^^^^^^^^^^^^^
UnicodeEncodeError: 'cp949' codec can't encode character '\U0001f4c4' in position 0: illegal multibyte sequence

During handling of the above exception, another exception occurred:

Traceback (most recent call last):
  File "D:\AI_Project\GIAv2.0\news_to_notion_simple.py", line 107, in <module>
    upload_to_notion()
    ~~~~~~~~~~~~~~~~^^
  File "D:\AI_Project\GIAv2.0\news_to_notion_simple.py", line 31, in upload_to_notion
    print(f"\u274c ���� �б� �� ����ġ ���� ����: {e}")
    ~~~~~^^^^^^^^^^^^^^^^^^^^^^^^^^^^^^^^^^^^^^^^^^
UnicodeEncodeError: 'cp949' codec can't encode character '\u274c' in position 0: illegal multibyte sequence

2025-07-12 02:39:15,278 - ERROR - 💥 2단계 실패
2025-07-12 02:39:15,344 - INFO - ============================================================
2025-07-12 02:39:15,368 - INFO - 📊 뉴스 클리핑 자동화 결과 요약
2025-07-12 02:39:15,379 - INFO - ============================================================
2025-07-12 02:39:15,417 - INFO - ⏱️ 총 소요 시간: 0:00:42.153884
2025-07-12 02:39:15,435 - INFO - ✅ 성공한 단계: 1/2
2025-07-12 02:39:15,477 - ERROR - ❌ 일부 단계 실패로 자동화 미완료
2025-07-12 02:40:18,777 - INFO - ============================================================
2025-07-12 02:40:18,889 - INFO - 🎯 뉴스 클리핑 완전 자동화 시스템 시작
2025-07-12 02:40:18,929 - INFO - ⏰ 시작 시간: 2025-07-12 02:40:18
2025-07-12 02:40:18,957 - INFO - ============================================================
2025-07-12 02:40:19,026 - INFO - 🚀 1단계: Google News 뉴스 수집 시작...
2025-07-12 02:40:48,653 - INFO - ✅ 1단계: Google News 뉴스 수집 성공 완료
2025-07-12 02:40:48,660 - INFO - 🚀 2단계: Notion DB 업로드 시작...
2025-07-12 02:41:14,668 - INFO - ✅ 2단계: Notion DB 업로드 성공 완료
2025-07-12 02:41:14,670 - INFO - 📋 실행 결과:
[INFO] news_data.json ���� �ε� �Ϸ�: 42��
[INFO] �±׺� 5���� �� 18�� ������ ���ε��մϴ�.
[SUCCESS] �������������å ��ȭ ��ǥ...
[SUCCESS] ǳ�¹��� �ű� ������Ʈ ����...
[SUCCESS] BESS(���͸�ESS) ���� ���弼...
[SUCCESS] 2025�� 7�� 11�� �ֿ� ������� ����: K-��� ���� �ű�� ���...
[SUCCESS] ��������� �� ���ȸ - ���� | ��Ƽ�̵�� - ���ѹα� ��å�긮��...
[SUCCESS] [�Խ���] ���û, ������� ���ű�� ���ڼ���ȸ - ���մ���...
[SUCCESS] ����������� ���� �ù� �佺Ƽ���������̱۽� ���� ������� 10��12�� ����� ���� - KB...
[SUCCESS] '�Űݳ뼳' ������ �غ�Ư��, �Ź�ö �� ���������� �м����� - ���մ���...
[SUCCESS] 2025�� 7�� 11�� ����������� ��å ����: �¾籤 ���� Ȯ��...
[SUCCESS] 100% ����������� ��� ����١��� "���� ����" ���� ���� - �߾��Ϻ�...
[SUCCESS] �������ػ�ǳ��, ���� ���� ����������� Ȯ�� ��ȹ�� ������ ���⡱ - �����ǼҸ�...
[SUCCESS] [Ư¡��] ��RE100�� �õ��ų��� ������������ ���� - Chosunbiz...
[SUCCESS] 7�� �ʼ��� ���� 4��° �ִ�������ũ���¾籤�� �������� �����ƿ� �� ���� - �����������Ź�...
[SUCCESS] 2025�� 7�� 11�� �����߰� ���� �м�: ������ ��ȯ ����ȭ...
[SUCCESS] �����߰���, ����, ��� ���� �ϳ�? - �ѱ���������Ź�...
[SUCCESS] �������߰��� ���� �Ϲݺ��� Ȱ��ȭ�ؾߡ���������ȸ, �����߰����� ������ ���� - û���Ϻ�...
[SUCCESS] LK�����߰�, ��A&G�ڸ��ƺ����߰��� �μ� - �ؾ��ѱ�...
[SUCCESS] ������ ������ ��� '�', ���� �븮�� ���� Ȯ�� ���� - ����Ʈ...

[RESULT] ���� 18��, ���� 0��

2025-07-12 02:41:14,694 - INFO - ============================================================
2025-07-12 02:41:14,696 - INFO - 📊 뉴스 클리핑 자동화 결과 요약
2025-07-12 02:41:14,711 - INFO - ============================================================
2025-07-12 02:41:14,713 - INFO - ⏱️ 총 소요 시간: 0:00:55.916875
2025-07-12 02:41:14,715 - INFO - ✅ 성공한 단계: 2/2
2025-07-12 02:41:14,715 - INFO - 🎉 뉴스 클리핑 완전 자동화 성공!
2025-07-12 02:41:14,717 - INFO - 📰 Google News → news_data.json → Notion DB 업로드 완료
2025-07-12 10:23:43,039 - INFO - ============================================================
2025-07-12 10:23:43,676 - INFO - 🎯 뉴스 클리핑 완전 자동화 시스템 시작
2025-07-12 10:23:43,789 - INFO - ⏰ 시작 시간: 2025-07-12 10:23:43
2025-07-12 10:23:44,030 - INFO - ============================================================
2025-07-12 10:23:44,258 - INFO - 🚀 1단계: Google News 뉴스 수집 시작...
2025-07-12 10:24:27,586 - ERROR - ❌ 1단계: Google News 뉴스 수집 실패
2025-07-12 10:24:27,667 - ERROR - 오류 내용:
2025-07-12 10:23:46,860 - INFO - \U0001f680 Google News ���� ����
2025-07-12 10:23:46,892 - INFO - \U0001f4cb ���� Ű����: ['�������', '�����������', '�����߰�']
2025-07-12 10:23:46,893 - INFO - \U0001f4f0 ������� ī�װ��� ���� ���� ����
2025-07-12 10:23:46,893 - INFO - \U0001f50d Ű���� '�������' �˻� ��...
2025-07-12 10:23:50,177 - INFO - \u2705 '�������' Ű����: 3�� ���� �Ϸ�
2025-07-12 10:23:50,178 - INFO - \U0001f50d Ű���� '����' �˻� ��...
2025-07-12 10:23:53,528 - INFO - \u2705 '����' Ű����: 3�� ���� �Ϸ�
2025-07-12 10:23:53,529 - INFO - \U0001f50d Ű���� 'K-���' �˻� ��...
2025-07-12 10:23:57,783 - INFO - \u2705 'K-���' Ű����: 3�� ���� �Ϸ�
2025-07-12 10:23:57,783 - INFO - \U0001f50d Ű���� '�������' �˻� ��...
2025-07-12 10:24:00,702 - INFO - \u2705 '�������' Ű����: 3�� ���� �Ϸ�
2025-07-12 10:24:00,703 - INFO - \U0001f4f0 ����������� ī�װ��� ���� ���� ����
2025-07-12 10:24:00,704 - INFO - \U0001f50d Ű���� '�����������' �˻� ��...
2025-07-12 10:24:04,147 - INFO - \u2705 '�����������' Ű����: 3�� ���� �Ϸ�
2025-07-12 10:24:04,147 - INFO - \U0001f50d Ű���� '�¾籤' �˻� ��...
2025-07-12 10:24:06,477 - INFO - \u2705 '�¾籤' Ű����: 3�� ���� �Ϸ�
2025-07-12 10:24:06,477 - INFO - \U0001f50d Ű���� 'ǳ��' �˻� ��...
2025-07-12 10:24:08,588 - INFO - \u2705 'ǳ��' Ű����: 3�� ���� �Ϸ�
2025-07-12 10:24:08,589 - INFO - \U0001f50d Ű���� 'ESS' �˻� ��...
2025-07-12 10:24:10,940 - INFO - \u2705 'ESS' Ű����: 3�� ���� �Ϸ�
2025-07-12 10:24:10,940 - INFO - \U0001f4f0 �����߰� ī�װ��� ���� ���� ����
2025-07-12 10:24:10,941 - INFO - \U0001f50d Ű���� '�����߰�' �˻� ��...
2025-07-12 10:24:13,209 - INFO - \u2705 '�����߰�' Ű����: 3�� ���� �Ϸ�
2025-07-12 10:24:13,209 - INFO - \U0001f50d Ű���� '����븮��' �˻� ��...
2025-07-12 10:24:15,594 - INFO - \u2705 '����븮��' Ű����: 3�� ���� �Ϸ�
2025-07-12 10:24:15,594 - INFO - \U0001f50d Ű���� '���迵��' �˻� ��...
2025-07-12 10:24:17,674 - INFO - \u2705 '���迵��' Ű����: 3�� ���� �Ϸ�
2025-07-12 10:24:17,675 - INFO - \U0001f50d Ű���� '�����ǰ' �˻� ��...
2025-07-12 10:24:23,469 - INFO - \u2705 '�����ǰ' Ű����: 3�� ���� �Ϸ�
2025-07-12 10:24:23,470 - INFO - \U0001f389 ��ü ���� �Ϸ�: �� 36��
2025-07-12 10:24:24,035 - INFO - \U0001f4c4 ���� ���� 42�� �ε� �Ϸ�
2025-07-12 10:24:24,036 - INFO - \U0001f504 �ߺ� ����: ��������� �� ���ȸ - ���� | ��Ƽ�̵�� - ��å�긮��
2025-07-12 10:24:24,036 - INFO - \U0001f504 �ߺ� ����: [�Խ���] ���û, ������� ���ű�� ���ڼ���ȸ - ���մ���
2025-07-12 10:24:24,037 - INFO - \U0001f504 �ߺ� ����: [�ܵ�] "����� ���� ���� G7 ����"��K��� ������� ��ó�� �� - �߾��Ϻ�
2025-07-12 10:24:24,597 - INFO - \U0001f504 �ߺ� ����: ������������� ���ȭ ���� ��"�ѱ��� ���� ���� ������� ����� ����" - �Ӵ�������
2025-07-12 10:24:25,686 - INFO - \U0001f504 �ߺ� ����: [����ȸ��] �� ���δ� ����������� ���� �����ϰ� ��ȭ��å���� ��ȯ�϶� - ��������
2025-07-12 10:24:25,686 - INFO - \U0001f504 �ߺ� ����: ��ũ��, ���� 3�⸸�� ������� 35�� ��â������ 40% ��ü ���� - ���մ���
2025-07-12 10:24:25,687 - INFO - \U0001f504 �ߺ� ����: 100% ����������� ��� ����١��� "���� ����" ���� ���� - �߾��Ϻ�
2025-07-12 10:24:25,687 - INFO - \U0001f504 �ߺ� ����: �������ػ�ǳ��, ���� ���� ����������� Ȯ�� ��ȹ�� ������ ���⡱ - �����ǼҸ�
2025-07-12 10:24:25,688 - INFO - \U0001f504 �ߺ� ����: Ʈ������ ���Ƶ� ������ ��١�TSMC ���� �ػ�ǳ�� �ø��� �븸 - �Ӵ�������
2025-07-12 10:24:25,689 - INFO - \U0001f504 �ߺ� ����: ����-�ѱ��ػ�ǳ��, �������� 400MW �ù������� ���� ���� ���� ������� - ����Ź�
2025-07-12 10:24:25,689 - INFO - \U0001f504 �ߺ� ����: �������ػ�ǳ��, ���� ���� ����������� Ȯ�� ��ȹ�� ������ ���⡱ - �����ǼҸ�
2025-07-12 10:24:25,689 - INFO - \U0001f504 �ߺ� ����: ������ �巯�� ESS �߾Ӱ����塯���� ���͸� 3�� ���� ������ - ����Ź�
2025-07-12 10:24:26,312 - INFO - \U0001f504 �ߺ� ����: SK��, '�Ϲ� ESS�� LFP ���͸�' ��� ����ȭ - ����Ʈ ����
2025-07-12 10:24:26,313 - INFO - \U0001f504 �ߺ� ����: �����߰���, ����, ��� ���� �ϳ�? - �ѱ���������Ź�
2025-07-12 10:24:26,314 - INFO - \U0001f504 �ߺ� ����: �������߰��� ���� �Ϲݺ��� Ȱ��ȭ�ؾߡ���������ȸ, �����߰����� ������ ���� - û���Ϻ�
2025-07-12 10:24:26,314 - INFO - \U0001f504 �ߺ� ����: LK�����߰�, ��A&G�ڸ��ƺ����߰��� �μ� - �ؾ��ѱ�
2025-07-12 10:24:26,315 - INFO - \U0001f504 �ߺ� ����: ������ ������ ��� '�', ���� �븮�� ���� Ȯ�� ���� - ����Ʈ ����
2025-07-12 10:24:26,315 - INFO - \U0001f504 �ߺ� ����: ��ī��������, ���� ����븮�� (GA) �귣������ 2025�� 7��...1�� - ��������Ʈ
2025-07-12 10:24:26,316 - INFO - \U0001f504 �ߺ� ����: �Ｚ �ιر��� ġ�� �� ��ȭ���Һ��� ������ '����� ��ġ' ���� - ���ڽŹ�
2025-07-12 10:24:26,316 - INFO - \U0001f504 �ߺ� ����: ������ "���������ء�GA '���� ��ȣ����' ������ �������� Ȯ���ؾ�" - ���������ƽ�
2025-07-12 10:24:26,421 - INFO - \U0001f504 �ߺ� ����: �����������, KB�������� �����ǰ ���ʼ��� ���� ���� �ý��� ���� - �������̾�
2025-07-12 10:24:26,422 - INFO - \u2728 �ߺ� ���� ��: 15��
2025-07-12 10:24:26,789 - INFO - \U0001f4be news_data.json�� 57�� ���� �Ϸ�
2025-07-12 10:24:26,790 - INFO - \U0001f3af ����: �� ���� 15�� �߰�
2025-07-12 10:24:26,790 - INFO - \U0001f4ca ��ü ����: 57��
2025-07-12 10:24:26,796 - ERROR - \u274c ���� �� ���� �߻�: 'cp949' codec can't encode character '\U0001f4f0' in position 0: illegal multibyte sequence
Traceback (most recent call last):
  File "D:\AI_Project\GIAv2.0\google_news_collector.py", line 233, in <module>
    main()
    ~~~~^^
  File "D:\AI_Project\GIAv2.0\google_news_collector.py", line 217, in main
    print("\U0001f4f0 Google News ���� ���")
    ~~~~~^^^^^^^^^^^^^^^^^^^^^^^^^^^^
UnicodeEncodeError: 'cp949' codec can't encode character '\U0001f4f0' in position 0: illegal multibyte sequence

2025-07-12 10:24:27,905 - ERROR - 💥 1단계 실패로 인해 자동화 프로세스를 중단합니다.
2025-07-12 10:33:19,305 - INFO - ============================================================
2025-07-12 10:33:19,315 - INFO - 🎯 뉴스 클리핑 완전 자동화 시스템 시작
2025-07-12 10:33:19,316 - INFO - ⏰ 시작 시간: 2025-07-12 10:33:19
2025-07-12 10:33:19,317 - INFO - ============================================================
2025-07-12 10:33:19,317 - INFO - 🚀 1단계: Google News 뉴스 수집 시작...
2025-07-12 10:34:03,620 - INFO - ✅ 1단계: Google News 뉴스 수집 성공 완료
2025-07-12 10:34:03,623 - INFO - 📋 실행 결과:

==================================================
[NEWS] Google News ���� ���
==================================================
1. [�����������] ���ɽ�, ź���߸� ��������ȯ ��å ����� ��ȭ - ���ý�
   [DATE] 2025-07-11 | [URL] https://news.google.com/rss/articles/CBMiYEFVX3lxT...
   [PRIORITY] �߿䵵: ����

2. [�����߰�] ���� ����븮�� 2025�� 7�� �귣������...��ī��������, �����÷�������, �¸�ġ �� - �������Ź�
   [DATE] 2025-07-09 | [URL] https://news.google.com/rss/articles/CBMickFVX3lxT...
   [PRIORITY] �߿䵵: ����

[SUCCESS] �� 2���� �� ������ news_data.json�� �߰��Ǿ����ϴ�!

2025-07-12 10:34:03,666 - INFO - 🚀 2단계: Notion DB 업로드 시작...
2025-07-12 10:35:18,824 - INFO - ✅ 2단계: Notion DB 업로드 성공 완료
2025-07-12 10:35:18,825 - INFO - 📋 실행 결과:
[INFO] news_data.json ���� �ε� �Ϸ�: 59��
[INFO] �±׺� 5���� �� 18�� ������ ���ε��մϴ�.
[SUCCESS] �������������å ��ȭ ��ǥ...
[SUCCESS] ǳ�¹��� �ű� ������Ʈ ����...
[SUCCESS] BESS(���͸�ESS) ���� ���弼...
[SUCCESS] 2025�� 7�� 11�� �ֿ� ������� ����: K-��� ���� �ű�� ���...
[SUCCESS] ��������� �� ���ȸ - ���� | ��Ƽ�̵�� - ���ѹα� ��å�긮��...
[SUCCESS] [�Խ���] ���û, ������� ���ű�� ���ڼ���ȸ - ���մ���...
[SUCCESS] ����������� ���� �ù� �佺Ƽ���������̱۽� ���� ������� 10��12�� ����� ���� - KB...
[SUCCESS] '�Űݳ뼳' ������ �غ�Ư��, �Ź�ö �� ���������� �м����� - ���մ���...
[SUCCESS] 2025�� 7�� 11�� ����������� ��å ����: �¾籤 ���� Ȯ��...
[SUCCESS] 100% ����������� ��� ����١��� "���� ����" ���� ���� - �߾��Ϻ�...
[SUCCESS] �������ػ�ǳ��, ���� ���� ����������� Ȯ�� ��ȹ�� ������ ���⡱ - �����ǼҸ�...
[SUCCESS] [Ư¡��] ��RE100�� �õ��ų��� ������������ ���� - Chosunbiz...
[SUCCESS] 7�� �ʼ��� ���� 4��° �ִ�������ũ���¾籤�� �������� �����ƿ� �� ���� - �����������Ź�...
[SUCCESS] 2025�� 7�� 11�� �����߰� ���� �м�: ������ ��ȯ ����ȭ...
[SUCCESS] �����߰���, ����, ��� ���� �ϳ�? - �ѱ���������Ź�...
[SUCCESS] �������߰��� ���� �Ϲݺ��� Ȱ��ȭ�ؾߡ���������ȸ, �����߰����� ������ ���� - û���Ϻ�...
[SUCCESS] LK�����߰�, ��A&G�ڸ��ƺ����߰��� �μ� - �ؾ��ѱ�...
[SUCCESS] ������ ������ ��� '�', ���� �븮�� ���� Ȯ�� ���� - ����Ʈ...

[RESULT] ���� 18��, ���� 0��

2025-07-12 10:35:18,896 - INFO - ============================================================
2025-07-12 10:35:18,899 - INFO - 📊 뉴스 클리핑 자동화 결과 요약
2025-07-12 10:35:18,900 - INFO - ============================================================
2025-07-12 10:35:18,903 - INFO - ⏱️ 총 소요 시간: 0:01:59.587853
2025-07-12 10:35:18,904 - INFO - ✅ 성공한 단계: 2/2
2025-07-12 10:35:18,905 - INFO - 🎉 뉴스 클리핑 완전 자동화 성공!
2025-07-12 10:35:18,925 - INFO - 📰 Google News → news_data.json → Notion DB 업로드 완료
2025-07-12 10:36:06,302 - INFO - ============================================================
2025-07-12 10:36:06,304 - INFO - 🎯 뉴스 클리핑 완전 자동화 시스템 시작
2025-07-12 10:36:06,304 - INFO - ⏰ 시작 시간: 2025-07-12 10:36:06
2025-07-12 10:36:06,305 - INFO - ============================================================
2025-07-12 10:36:06,306 - INFO - 🚀 1단계: Google News 뉴스 수집 시작...
2025-07-12 10:36:44,916 - INFO - ✅ 1단계: Google News 뉴스 수집 성공 완료
2025-07-12 10:36:44,918 - INFO - 🚀 2단계: Notion DB 업로드 시작...
2025-07-12 10:37:13,150 - INFO - ✅ 2단계: Notion DB 업로드 성공 완료
2025-07-12 10:37:13,154 - INFO - 📋 실행 결과:
[INFO] news_data.json ���� �ε� �Ϸ�: 59��
[INFO] �±׺� 5���� �� 18�� ������ ���ε��մϴ�.
[SUCCESS] �������������å ��ȭ ��ǥ...
[SUCCESS] ǳ�¹��� �ű� ������Ʈ ����...
[SUCCESS] BESS(���͸�ESS) ���� ���弼...
[SUCCESS] 2025�� 7�� 11�� �ֿ� ������� ����: K-��� ���� �ű�� ���...
[SUCCESS] ��������� �� ���ȸ - ���� | ��Ƽ�̵�� - ���ѹα� ��å�긮��...
[SUCCESS] [�Խ���] ���û, ������� ���ű�� ���ڼ���ȸ - ���մ���...
[SUCCESS] ����������� ���� �ù� �佺Ƽ���������̱۽� ���� ������� 10��12�� ����� ���� - KB...
[SUCCESS] '�Űݳ뼳' ������ �غ�Ư��, �Ź�ö �� ���������� �м����� - ���մ���...
[SUCCESS] 2025�� 7�� 11�� ����������� ��å ����: �¾籤 ���� Ȯ��...
[SUCCESS] 100% ����������� ��� ����١��� "���� ����" ���� ���� - �߾��Ϻ�...
[SUCCESS] �������ػ�ǳ��, ���� ���� ����������� Ȯ�� ��ȹ�� ������ ���⡱ - �����ǼҸ�...
[SUCCESS] [Ư¡��] ��RE100�� �õ��ų��� ������������ ���� - Chosunbiz...
[SUCCESS] 7�� �ʼ��� ���� 4��° �ִ�������ũ���¾籤�� �������� �����ƿ� �� ���� - �����������Ź�...
[SUCCESS] 2025�� 7�� 11�� �����߰� ���� �м�: ������ ��ȯ ����ȭ...
[SUCCESS] �����߰���, ����, ��� ���� �ϳ�? - �ѱ���������Ź�...
[SUCCESS] �������߰��� ���� �Ϲݺ��� Ȱ��ȭ�ؾߡ���������ȸ, �����߰����� ������ ���� - û���Ϻ�...
[SUCCESS] LK�����߰�, ��A&G�ڸ��ƺ����߰��� �μ� - �ؾ��ѱ�...
[SUCCESS] ������ ������ ��� '�', ���� �븮�� ���� Ȯ�� ���� - ����Ʈ...

[RESULT] ���� 18��, ���� 0��

2025-07-12 10:37:13,169 - INFO - ============================================================
2025-07-12 10:37:13,184 - INFO - 📊 뉴스 클리핑 자동화 결과 요약
2025-07-12 10:37:13,185 - INFO - ============================================================
2025-07-12 10:37:13,187 - INFO - ⏱️ 총 소요 시간: 0:01:06.867358
2025-07-12 10:37:13,200 - INFO - ✅ 성공한 단계: 2/2
2025-07-12 10:37:13,203 - INFO - 🎉 뉴스 클리핑 완전 자동화 성공!
2025-07-12 10:37:13,206 - INFO - 📰 Google News → news_data.json → Notion DB 업로드 완료
2025-07-12 10:40:48,741 - INFO - ============================================================
2025-07-12 10:40:48,766 - INFO - 🎯 뉴스 클리핑 완전 자동화 시스템 시작
2025-07-12 10:40:48,767 - INFO - ⏰ 시작 시간: 2025-07-12 10:40:48
2025-07-12 10:40:48,768 - INFO - ============================================================
2025-07-12 10:40:48,770 - INFO - 🚀 1단계: Google News 뉴스 수집 시작...
2025-07-12 10:41:24,701 - INFO - ✅ 1단계: Google News 뉴스 수집 성공 완료
2025-07-12 10:41:24,701 - INFO - 🚀 2단계: Notion DB 업로드 시작...
2025-07-12 10:41:49,038 - INFO - ✅ 2단계: Notion DB 업로드 성공 완료
2025-07-12 10:41:49,039 - INFO - 📋 실행 결과:
[INFO] news_data.json ���� �ε� �Ϸ�: 59��
[INFO] �±׺� 5���� �� 18�� ������ ���ε��մϴ�.
[SUCCESS] �������������å ��ȭ ��ǥ...
[SUCCESS] ǳ�¹��� �ű� ������Ʈ ����...
[SUCCESS] BESS(���͸�ESS) ���� ���弼...
[SUCCESS] 2025�� 7�� 11�� �ֿ� ������� ����: K-��� ���� �ű�� ���...
[SUCCESS] ��������� �� ���ȸ - ���� | ��Ƽ�̵�� - ���ѹα� ��å�긮��...
[SUCCESS] [�Խ���] ���û, ������� ���ű�� ���ڼ���ȸ - ���մ���...
[SUCCESS] ����������� ���� �ù� �佺Ƽ���������̱۽� ���� ������� 10��12�� ����� ���� - KB...
[SUCCESS] '�Űݳ뼳' ������ �غ�Ư��, �Ź�ö �� ���������� �м����� - ���մ���...
[SUCCESS] 2025�� 7�� 11�� ����������� ��å ����: �¾籤 ���� Ȯ��...
[SUCCESS] 100% ����������� ��� ����١��� "���� ����" ���� ���� - �߾��Ϻ�...
[SUCCESS] �������ػ�ǳ��, ���� ���� ����������� Ȯ�� ��ȹ�� ������ ���⡱ - �����ǼҸ�...
[SUCCESS] [Ư¡��] ��RE100�� �õ��ų��� ������������ ���� - Chosunbiz...
[SUCCESS] 7�� �ʼ��� ���� 4��° �ִ�������ũ���¾籤�� �������� �����ƿ� �� ���� - �����������Ź�...
[SUCCESS] 2025�� 7�� 11�� �����߰� ���� �м�: ������ ��ȯ ����ȭ...
[SUCCESS] �����߰���, ����, ��� ���� �ϳ�? - �ѱ���������Ź�...
[SUCCESS] �������߰��� ���� �Ϲݺ��� Ȱ��ȭ�ؾߡ���������ȸ, �����߰����� ������ ���� - û���Ϻ�...
[SUCCESS] LK�����߰�, ��A&G�ڸ��ƺ����߰��� �μ� - �ؾ��ѱ�...
[SUCCESS] ������ ������ ��� '�', ���� �븮�� ���� Ȯ�� ���� - ����Ʈ...

[RESULT] ���� 18��, ���� 0��

2025-07-12 10:41:49,181 - INFO - ============================================================
2025-07-12 10:41:49,191 - INFO - 📊 뉴스 클리핑 자동화 결과 요약
2025-07-12 10:41:49,193 - INFO - ============================================================
2025-07-12 10:41:49,206 - INFO - ⏱️ 총 소요 시간: 0:01:01.051954
2025-07-12 10:41:49,211 - INFO - ✅ 성공한 단계: 2/2
2025-07-12 10:41:49,216 - INFO - 🎉 뉴스 클리핑 완전 자동화 성공!
2025-07-12 10:41:49,279 - INFO - 📰 Google News → news_data.json → Notion DB 업로드 완료
